{"name": "test_selectCars[chrome-jeep-Jeep Cars]", "status": "broken", "statusDetails": {"message": "selenium.common.exceptions.NoSuchElementException: Message: no such element: Unable to locate element: {\"method\":\"xpath\",\"selector\":\"//*[@id=\"root\"]/div[3]/div/div[2]/div/h1\"}\n  (Session info: chrome=108.0.5359.125)\nStacktrace:\nBacktrace:\n\t(No symbol) [0x0113F243]\n\t(No symbol) [0x010C7FD1]\n\t(No symbol) [0x00FBD04D]\n\t(No symbol) [0x00FEC0B0]\n\t(No symbol) [0x00FEC22B]\n\t(No symbol) [0x0101E612]\n\t(No symbol) [0x010085D4]\n\t(No symbol) [0x0101C9EB]\n\t(No symbol) [0x01008386]\n\t(No symbol) [0x00FE163C]\n\t(No symbol) [0x00FE269D]\n\tGetHandleVerifier [0x013D9A22+2655074]\n\tGetHandleVerifier [0x013CCA24+2601828]\n\tGetHandleVerifier [0x011E8C0A+619850]\n\tGetHandleVerifier [0x011E7830+614768]\n\t(No symbol) [0x010D05FC]\n\t(No symbol) [0x010D5968]\n\t(No symbol) [0x010D5A55]\n\t(No symbol) [0x010E051B]\n\tBaseThreadInitThunk [0x75DC6939+25]\n\tRtlGetFullPathName_UEx [0x77228FD2+1218]\n\tRtlGetFullPathName_UEx [0x77228F9D+1165]", "trace": "self = <Testcases.test_CarWale.Test_CarWale object at 0x000001A1EDA33730>\nCarBrands = 'jeep', CarTitle = 'Jeep Cars'\n\n    @pytest.mark.parametrize(\"CarBrands,CarTitle\",\n                             dataProvider.get_data(\"CarBrand\"))  # called that data with function name\n    def test_selectCars(self, CarBrands,CarTitle):\n        log.logger.info(\"Inside Car Brands\")\n        home = HomePage(self.driver)\n        car = CarBase(self.driver)\n        if CarBrands == \"hyundai\":\n            home.goToNewCars().hyundai()\n            title = car.getCarHeader()\n            print((\"The car title is: \" + title).encode('utf8'))\n            assert title == CarTitle, \"Not correct title or title is not matching\"\n        elif CarBrands == \"jeep\":\n            home.goToNewCars().jeep()\n>           title = car.getCarHeader()\n\ntest_CarWale.py:36: \n_ _ _ _ _ _ _ _ _ _ _ _ _ _ _ _ _ _ _ _ _ _ _ _ _ _ _ _ _ _ _ _ _ _ _ _ _ _ _ _\n..\\Pages\\CarBase.py:14: in getCarHeader\n    return self.driver.find_element(By.XPATH,configreader.readConfig(\"Titles\",\"CarHeader_Xpath\")).text\n..\\venv\\lib\\site-packages\\selenium\\webdriver\\remote\\webdriver.py:861: in find_element\n    return self.execute(Command.FIND_ELEMENT, {\"using\": by, \"value\": value})[\"value\"]\n..\\venv\\lib\\site-packages\\selenium\\webdriver\\remote\\webdriver.py:444: in execute\n    self.error_handler.check_response(response)\n_ _ _ _ _ _ _ _ _ _ _ _ _ _ _ _ _ _ _ _ _ _ _ _ _ _ _ _ _ _ _ _ _ _ _ _ _ _ _ _\n\nself = <selenium.webdriver.remote.errorhandler.ErrorHandler object at 0x000001A1EDB51220>\nresponse = {'status': 404, 'value': '{\"value\":{\"error\":\"no such element\",\"message\":\"no such element: Unable to locate element: {\\...unk [0x75DC6939+25]\\\\n\\\\tRtlGetFullPathName_UEx [0x77228FD2+1218]\\\\n\\\\tRtlGetFullPathName_UEx [0x77228F9D+1165]\\\\n\"}}'}\n\n    def check_response(self, response: Dict[str, Any]) -> None:\n        \"\"\"\n        Checks that a JSON response from the WebDriver does not have an error.\n    \n        :Args:\n         - response - The JSON response from the WebDriver server as a dictionary\n           object.\n    \n        :Raises: If the response contains an error message.\n        \"\"\"\n        status = response.get(\"status\", None)\n        if not status or status == ErrorCode.SUCCESS:\n            return\n        value = None\n        message = response.get(\"message\", \"\")\n        screen: str = response.get(\"screen\", \"\")\n        stacktrace = None\n        if isinstance(status, int):\n            value_json = response.get(\"value\", None)\n            if value_json and isinstance(value_json, str):\n                import json\n    \n                try:\n                    value = json.loads(value_json)\n                    if len(value.keys()) == 1:\n                        value = value[\"value\"]\n                    status = value.get(\"error\", None)\n                    if not status:\n                        status = value.get(\"status\", ErrorCode.UNKNOWN_ERROR)\n                        message = value.get(\"value\") or value.get(\"message\")\n                        if not isinstance(message, str):\n                            value = message\n                            message = message.get(\"message\")\n                    else:\n                        message = value.get(\"message\", None)\n                except ValueError:\n                    pass\n    \n        exception_class: Type[WebDriverException]\n        if status in ErrorCode.NO_SUCH_ELEMENT:\n            exception_class = NoSuchElementException\n        elif status in ErrorCode.NO_SUCH_FRAME:\n            exception_class = NoSuchFrameException\n        elif status in ErrorCode.NO_SUCH_SHADOW_ROOT:\n            exception_class = NoSuchShadowRootException\n        elif status in ErrorCode.NO_SUCH_WINDOW:\n            exception_class = NoSuchWindowException\n        elif status in ErrorCode.STALE_ELEMENT_REFERENCE:\n            exception_class = StaleElementReferenceException\n        elif status in ErrorCode.ELEMENT_NOT_VISIBLE:\n            exception_class = ElementNotVisibleException\n        elif status in ErrorCode.INVALID_ELEMENT_STATE:\n            exception_class = InvalidElementStateException\n        elif (\n            status in ErrorCode.INVALID_SELECTOR\n            or status in ErrorCode.INVALID_XPATH_SELECTOR\n            or status in ErrorCode.INVALID_XPATH_SELECTOR_RETURN_TYPER\n        ):\n            exception_class = InvalidSelectorException\n        elif status in ErrorCode.ELEMENT_IS_NOT_SELECTABLE:\n            exception_class = ElementNotSelectableException\n        elif status in ErrorCode.ELEMENT_NOT_INTERACTABLE:\n            exception_class = ElementNotInteractableException\n        elif status in ErrorCode.INVALID_COOKIE_DOMAIN:\n            exception_class = InvalidCookieDomainException\n        elif status in ErrorCode.UNABLE_TO_SET_COOKIE:\n            exception_class = UnableToSetCookieException\n        elif status in ErrorCode.TIMEOUT:\n            exception_class = TimeoutException\n        elif status in ErrorCode.SCRIPT_TIMEOUT:\n            exception_class = TimeoutException\n        elif status in ErrorCode.UNKNOWN_ERROR:\n            exception_class = WebDriverException\n        elif status in ErrorCode.UNEXPECTED_ALERT_OPEN:\n            exception_class = UnexpectedAlertPresentException\n        elif status in ErrorCode.NO_ALERT_OPEN:\n            exception_class = NoAlertPresentException\n        elif status in ErrorCode.IME_NOT_AVAILABLE:\n            exception_class = ImeNotAvailableException\n        elif status in ErrorCode.IME_ENGINE_ACTIVATION_FAILED:\n            exception_class = ImeActivationFailedException\n        elif status in ErrorCode.MOVE_TARGET_OUT_OF_BOUNDS:\n            exception_class = MoveTargetOutOfBoundsException\n        elif status in ErrorCode.JAVASCRIPT_ERROR:\n            exception_class = JavascriptException\n        elif status in ErrorCode.SESSION_NOT_CREATED:\n            exception_class = SessionNotCreatedException\n        elif status in ErrorCode.INVALID_ARGUMENT:\n            exception_class = InvalidArgumentException\n        elif status in ErrorCode.NO_SUCH_COOKIE:\n            exception_class = NoSuchCookieException\n        elif status in ErrorCode.UNABLE_TO_CAPTURE_SCREEN:\n            exception_class = ScreenshotException\n        elif status in ErrorCode.ELEMENT_CLICK_INTERCEPTED:\n            exception_class = ElementClickInterceptedException\n        elif status in ErrorCode.INSECURE_CERTIFICATE:\n            exception_class = InsecureCertificateException\n        elif status in ErrorCode.INVALID_COORDINATES:\n            exception_class = InvalidCoordinatesException\n        elif status in ErrorCode.INVALID_SESSION_ID:\n            exception_class = InvalidSessionIdException\n        elif status in ErrorCode.UNKNOWN_METHOD:\n            exception_class = UnknownMethodException\n        else:\n            exception_class = WebDriverException\n        if not value:\n            value = response[\"value\"]\n        if isinstance(value, str):\n            raise exception_class(value)\n        if message == \"\" and \"message\" in value:\n            message = value[\"message\"]\n    \n        screen = None  # type: ignore[assignment]\n        if \"screen\" in value:\n            screen = value[\"screen\"]\n    \n        stacktrace = None\n        st_value = value.get(\"stackTrace\") or value.get(\"stacktrace\")\n        if st_value:\n            if isinstance(st_value, str):\n                stacktrace = st_value.split(\"\\n\")\n            else:\n                stacktrace = []\n                try:\n                    for frame in st_value:\n                        line = frame.get(\"lineNumber\", \"\")\n                        file = frame.get(\"fileName\", \"<anonymous>\")\n                        if line:\n                            file = f\"{file}:{line}\"\n                        meth = frame.get(\"methodName\", \"<anonymous>\")\n                        if \"className\" in frame:\n                            meth = \"{}.{}\".format(frame[\"className\"], meth)\n                        msg = \"    at %s (%s)\"\n                        msg = msg % (meth, file)\n                        stacktrace.append(msg)\n                except TypeError:\n                    pass\n        if exception_class == UnexpectedAlertPresentException:\n            alert_text = None\n            if \"data\" in value:\n                alert_text = value[\"data\"].get(\"text\")\n            elif \"alert\" in value:\n                alert_text = value[\"alert\"].get(\"text\")\n            raise exception_class(message, screen, stacktrace, alert_text)  # type: ignore[call-arg]  # mypy is not smart enough here\n>       raise exception_class(message, screen, stacktrace)\nE       selenium.common.exceptions.NoSuchElementException: Message: no such element: Unable to locate element: {\"method\":\"xpath\",\"selector\":\"//*[@id=\"root\"]/div[3]/div/div[2]/div/h1\"}\nE         (Session info: chrome=108.0.5359.125)\nE       Stacktrace:\nE       Backtrace:\nE       \t(No symbol) [0x0113F243]\nE       \t(No symbol) [0x010C7FD1]\nE       \t(No symbol) [0x00FBD04D]\nE       \t(No symbol) [0x00FEC0B0]\nE       \t(No symbol) [0x00FEC22B]\nE       \t(No symbol) [0x0101E612]\nE       \t(No symbol) [0x010085D4]\nE       \t(No symbol) [0x0101C9EB]\nE       \t(No symbol) [0x01008386]\nE       \t(No symbol) [0x00FE163C]\nE       \t(No symbol) [0x00FE269D]\nE       \tGetHandleVerifier [0x013D9A22+2655074]\nE       \tGetHandleVerifier [0x013CCA24+2601828]\nE       \tGetHandleVerifier [0x011E8C0A+619850]\nE       \tGetHandleVerifier [0x011E7830+614768]\nE       \t(No symbol) [0x010D05FC]\nE       \t(No symbol) [0x010D5968]\nE       \t(No symbol) [0x010D5A55]\nE       \t(No symbol) [0x010E051B]\nE       \tBaseThreadInitThunk [0x75DC6939+25]\nE       \tRtlGetFullPathName_UEx [0x77228FD2+1218]\nE       \tRtlGetFullPathName_UEx [0x77228F9D+1165]\n\n..\\venv\\lib\\site-packages\\selenium\\webdriver\\remote\\errorhandler.py:249: NoSuchElementException"}, "attachments": [{"name": "log", "source": "0339730e-dfc6-4ddc-b542-77f170d656b4-attachment.txt", "type": "text/plain"}], "parameters": [{"name": "get_browser", "value": "'chrome'"}, {"name": "CarBrands", "value": "'jeep'"}, {"name": "CarTitle", "value": "'Jeep Cars'"}], "start": 1671560746180, "stop": 1671560755333, "uuid": "49bb5954-4539-4fe7-97b1-cefcf038fb9c", "historyId": "d2c554652aa88ef1a8958758690a97eb", "testCaseId": "2dfb351219e24b885ff4edb8ee4762d1", "fullName": "test_CarWale.Test_CarWale#test_selectCars", "labels": [{"name": "tag", "value": "@pytest.mark.usefixtures('get_browser')"}, {"name": "suite", "value": "test_CarWale"}, {"name": "subSuite", "value": "Test_CarWale"}, {"name": "host", "value": "DESKTOP-1MSC5F6"}, {"name": "thread", "value": "28900-MainThread"}, {"name": "framework", "value": "pytest"}, {"name": "language", "value": "cpython3"}, {"name": "package", "value": "test_CarWale"}]}